<?xml version="1.0" encoding="UTF-8"?>
<!-- Generated by org.testng.reporters.JUnitReportReporter -->
<testsuite skipped="0" hostname="Admin-PC" name="Com.crm.qa.test.Loginpagetest" tests="3" failures="0" timestamp="04 Apr 2019 18:34:23 GMT" time="68.271" errors="0">
  <testcase name="loginpgtitletest" time="17.031" classname="Com.crm.qa.test.Loginpagetest"/>
  <testcase name="imagetest" time="17.516" classname="Com.crm.qa.test.Loginpagetest"/>
  <testcase name="logincheck" time="33.724" classname="Com.crm.qa.test.Loginpagetest"/>
</testsuite> <!-- Com.crm.qa.test.Loginpagetest -->
