<?xml version="1.0" encoding="UTF-8"?>
<!-- Generated by org.testng.reporters.JUnitReportReporter -->
<testsuite skipped="0" hostname="Admin-PC" name="Com.crm.qa.test.Dealspagetest" tests="3" failures="0" timestamp="16 Apr 2019 18:38:07 GMT" time="13.269" errors="0">
  <testcase name="verifycontactpagelabeltest" time="0.231" classname="Com.crm.qa.test.Dealspagetest"/>
  <testcase name="clickondealspage" time="6.070" classname="Com.crm.qa.test.Dealspagetest"/>
  <testcase name="clickondealspage" time="6.968" classname="Com.crm.qa.test.Dealspagetest"/>
</testsuite> <!-- Com.crm.qa.test.Dealspagetest -->
